[2m19:52:01[22m [31m[1m[vite][22m[39m [31mInternal server error: Duplicate declaration "canManage"
[0m [90m 682 |[31m }
 [90m 683 |[31m
[31m[1m>[22m[31m[90m 684 |[31m [36mfunction[31m canManage(slot[33m:[31m [33mTeeSheetSlotView[31m)[33m:[31m boolean {
 [90m     |[31m          [31m[1m^[22m[31m[31m[1m^[22m[31m[31m[1m^[22m[31m[31m[1m^[22m[31m[31m[1m^[22m[31m[31m[1m^[22m[31m[31m[1m^[22m[31m[31m[1m^[22m[31m[31m[1m^[22m[31m
 [90m 685 |[31m   [36mreturn[31m slot[33m.[31mbookings[33m.[31mlength [33m>[31m [35m0[31m[33m;[31m
 [90m 686 |[31m }
 [90m 687 |[31m[0m[39m
  Plugin: [35mvite:react-babel[39m
  File: [36mC:/Users/athom/Documents/Projects/GreenLink/frontend/src/pages/admin-golf-tee-sheet-page.tsx[39m
      at File.buildCodeFrameError (C:\Users\athom\Documents\Projects\GreenLink\frontend\node_modules\@babel\core\lib\transformation\file\file.js:189:12)
      at Scope.checkBlockScopedCollisions (C:\Users\athom\Documents\Projects\GreenLink\frontend\node_modules\@babel\traverse\lib\scope\index.js:433:27)
      at Scope.registerBinding (C:\Users\athom\Documents\Projects\GreenLink\frontend\node_modules\@babel\traverse\lib\scope\index.js:530:16)
      at Scope.registerDeclaration (C:\Users\athom\Documents\Projects\GreenLink\frontend\node_modules\@babel\traverse\lib\scope\index.js:475:12)
      at Object.BlockScoped (C:\Users\athom\Documents\Projects\GreenLink\frontend\node_modules\@babel\traverse\lib\scope\index.js:276:12)
      at Object.newFn (C:\Users\athom\Documents\Projects\GreenLink\frontend\node_modules\@babel\traverse\lib\visitors.js:203:17)
      at NodePath._call (C:\Users\athom\Documents\Projects\GreenLink\frontend\node_modules\@babel\traverse\lib\path\context.js:50:20)
      at NodePath.call (C:\Users\athom\Documents\Projects\GreenLink\frontend\node_modules\@babel\traverse\lib\path\context.js:40:18)
      at NodePath.visit (C:\Users\athom\Documents\Projects\GreenLink\frontend\node_modules\@babel\traverse\lib\path\context.js:87:31)
      at TraversalContext.visitQueue (C:\Users\athom\Documents\Projects\GreenLink\frontend\node_modules\@babel\traverse\lib\context.js:96:16)
      at TraversalContext.visitMultiple (C:\Users\athom\Documents\Projects\GreenLink\frontend\node_modules\@babel\traverse\lib\context.js:68:17)
      at TraversalContext.visit (C:\Users\athom\Documents\Projects\GreenLink\frontend\node_modules\@babel\traverse\lib\context.js:117:19)
      at traverseNode (C:\Users\athom\Documents\Projects\GreenLink\frontend\node_modules\@babel\traverse\lib\traverse-node.js:130:17)
      at traverse (C:\Users\athom\Documents\Projects\GreenLink\frontend\node_modules\@babel\traverse\lib\index.js:53:34)
      at NodePath.traverse (C:\Users\athom\Documents\Projects\GreenLink\frontend\node_modules\@babel\traverse\lib\path\index.js:120:24)
      at Scope.crawl (C:\Users\athom\Documents\Projects\GreenLink\frontend\node_modules\@babel\traverse\lib\scope\index.js:695:10)
      at Scope.init (C:\Users\athom\Documents\Projects\GreenLink\frontend\node_modules\@babel\traverse\lib\scope\index.js:661:12)
      at NodePath.setScope (C:\Users\athom\Documents\Projects\GreenLink\frontend\node_modules\@babel\traverse\lib\path\context.js:139:55)
      at NodePath.setContext (C:\Users\athom\Documents\Projects\GreenLink\frontend\node_modules\@babel\traverse\lib\path\context.js:151:12)
      at new File (C:\Users\athom\Documents\Projects\GreenLink\frontend\node_modules\@babel\core\lib\transformation\file\file.js:80:8)
      at normalizeFile (C:\Users\athom\Documents\Projects\GreenLink\frontend\node_modules\@babel\core\lib\transformation\normalize-file.js:96:10)
      at normalizeFile.next (<anonymous>)
      at run (C:\Users\athom\Documents\Projects\GreenLink\frontend\node_modules\@babel\core\lib\transformation\index.js:22:50)
      at run.next (<anonymous>)
      at transform (C:\Users\athom\Documents\Projects\GreenLink\frontend\node_modules\@babel\core\lib\transform.js:22:33)
      at transform.next (<anonymous>)
      at step (C:\Users\athom\Documents\Projects\GreenLink\frontend\node_modules\gensync\index.js:261:32)
      at C:\Users\athom\Documents\Projects\GreenLink\frontend\node_modules\gensync\index.js:273:13
      at async.call.result.err.err (C:\Users\athom\Documents\Projects\GreenLink\frontend\node_modules\gensync\index.js:223:11)
      at C:\Users\athom\Documents\Projects\GreenLink\frontend\node_modules\gensync\index.js:189:28
      at C:\Users\athom\Documents\Projects\GreenLink\frontend\node_modules\@babel\core\lib\gensync-utils\async.js:67:7
      at C:\Users\athom\Documents\Projects\GreenLink\frontend\node_modules\gensync\index.js:113:33
      at step (C:\Users\athom\Documents\Projects\GreenLink\frontend\node_modules\gensync\index.js:287:14)
      at C:\Users\athom\Documents\Projects\GreenLink\frontend\node_modules\gensync\index.js:273:13
      at async.call.result.err.err (C:\Users\athom\Documents\Projects\GreenLink\frontend\node_modules\gensync\index.js:223:11)
[2m10:47:08[22m [31m[1m[vite][22m[39m [31mInternal server error: Duplicate declaration "slotCapacity"
[0m [90m 265 |[31m }
 [90m 266 |[31m
[31m[1m>[22m[31m[90m 267 |[31m [36mfunction[31m slotCapacity(slot[33m:[31m [33mTeeSheetSlotView[31m)[33m:[31m number {
 [90m     |[31m          [31m[1m^[22m[31m[31m[1m^[22m[31m[31m[1m^[22m[31m[31m[1m^[22m[31m[31m[1m^[22m[31m[31m[1m^[22m[31m[31m[1m^[22m[31m[31m[1m^[22m[31m[31m[1m^[22m[31m[31m[1m^[22m[31m[31m[1m^[22m[31m[31m[1m^[22m[31m
 [90m 268 |[31m   [36mconst[31m value [33m=[31m slot[33m.[31moccupancy[33m.[31mplayer_capacity [33m?[31m[33m?[31m [35m4[31m[33m;[31m
 [90m 269 |[31m   [36mreturn[31m [33mMath[31m[33m.[31mmax([35m1[31m[33m,[31m [33mMath[31m[33m.[31mmin(value[33m,[31m [35m4[31m))[33m;[31m
 [90m 270 |[31m }[0m[39m
  Plugin: [35mvite:react-babel[39m
  File: [36mC:/Users/athom/Documents/Projects/GreenLink/frontend/src/pages/admin-golf-tee-sheet-page.tsx[39m
      at File.buildCodeFrameError (C:\Users\athom\Documents\Projects\GreenLink\frontend\node_modules\@babel\core\lib\transformation\file\file.js:189:12)
      at Scope.checkBlockScopedCollisions (C:\Users\athom\Documents\Projects\GreenLink\frontend\node_modules\@babel\traverse\lib\scope\index.js:433:27)
      at Scope.registerBinding (C:\Users\athom\Documents\Projects\GreenLink\frontend\node_modules\@babel\traverse\lib\scope\index.js:530:16)
      at Scope.registerDeclaration (C:\Users\athom\Documents\Projects\GreenLink\frontend\node_modules\@babel\traverse\lib\scope\index.js:475:12)
      at Object.BlockScoped (C:\Users\athom\Documents\Projects\GreenLink\frontend\node_modules\@babel\traverse\lib\scope\index.js:276:12)
      at Object.newFn (C:\Users\athom\Documents\Projects\GreenLink\frontend\node_modules\@babel\traverse\lib\visitors.js:203:17)
      at NodePath._call (C:\Users\athom\Documents\Projects\GreenLink\frontend\node_modules\@babel\traverse\lib\path\context.js:50:20)
      at NodePath.call (C:\Users\athom\Documents\Projects\GreenLink\frontend\node_modules\@babel\traverse\lib\path\context.js:40:18)
      at NodePath.visit (C:\Users\athom\Documents\Projects\GreenLink\frontend\node_modules\@babel\traverse\lib\path\context.js:87:31)
      at TraversalContext.visitQueue (C:\Users\athom\Documents\Projects\GreenLink\frontend\node_modules\@babel\traverse\lib\context.js:96:16)
      at TraversalContext.visitMultiple (C:\Users\athom\Documents\Projects\GreenLink\frontend\node_modules\@babel\traverse\lib\context.js:68:17)
      at TraversalContext.visit (C:\Users\athom\Documents\Projects\GreenLink\frontend\node_modules\@babel\traverse\lib\context.js:117:19)
      at traverseNode (C:\Users\athom\Documents\Projects\GreenLink\frontend\node_modules\@babel\traverse\lib\traverse-node.js:130:17)
      at traverse (C:\Users\athom\Documents\Projects\GreenLink\frontend\node_modules\@babel\traverse\lib\index.js:53:34)
      at NodePath.traverse (C:\Users\athom\Documents\Projects\GreenLink\frontend\node_modules\@babel\traverse\lib\path\index.js:120:24)
      at Scope.crawl (C:\Users\athom\Documents\Projects\GreenLink\frontend\node_modules\@babel\traverse\lib\scope\index.js:695:10)
      at Scope.init (C:\Users\athom\Documents\Projects\GreenLink\frontend\node_modules\@babel\traverse\lib\scope\index.js:661:12)
      at NodePath.setScope (C:\Users\athom\Documents\Projects\GreenLink\frontend\node_modules\@babel\traverse\lib\path\context.js:139:55)
      at NodePath.setContext (C:\Users\athom\Documents\Projects\GreenLink\frontend\node_modules\@babel\traverse\lib\path\context.js:151:12)
      at new File (C:\Users\athom\Documents\Projects\GreenLink\frontend\node_modules\@babel\core\lib\transformation\file\file.js:80:8)
      at normalizeFile (C:\Users\athom\Documents\Projects\GreenLink\frontend\node_modules\@babel\core\lib\transformation\normalize-file.js:96:10)
      at normalizeFile.next (<anonymous>)
      at run (C:\Users\athom\Documents\Projects\GreenLink\frontend\node_modules\@babel\core\lib\transformation\index.js:22:50)
      at run.next (<anonymous>)
      at transform (C:\Users\athom\Documents\Projects\GreenLink\frontend\node_modules\@babel\core\lib\transform.js:22:33)
      at transform.next (<anonymous>)
      at step (C:\Users\athom\Documents\Projects\GreenLink\frontend\node_modules\gensync\index.js:261:32)
      at C:\Users\athom\Documents\Projects\GreenLink\frontend\node_modules\gensync\index.js:273:13
      at async.call.result.err.err (C:\Users\athom\Documents\Projects\GreenLink\frontend\node_modules\gensync\index.js:223:11)
      at C:\Users\athom\Documents\Projects\GreenLink\frontend\node_modules\gensync\index.js:189:28
      at C:\Users\athom\Documents\Projects\GreenLink\frontend\node_modules\@babel\core\lib\gensync-utils\async.js:67:7
      at C:\Users\athom\Documents\Projects\GreenLink\frontend\node_modules\gensync\index.js:113:33
      at step (C:\Users\athom\Documents\Projects\GreenLink\frontend\node_modules\gensync\index.js:287:14)
      at C:\Users\athom\Documents\Projects\GreenLink\frontend\node_modules\gensync\index.js:273:13
      at async.call.result.err.err (C:\Users\athom\Documents\Projects\GreenLink\frontend\node_modules\gensync\index.js:223:11)
[2m10:47:38[22m [31m[1m[vite][22m[39m [31mInternal server error: Duplicate declaration "slotCapacity"
[0m [90m 264 |[31m }
 [90m 265 |[31m
[31m[1m>[22m[31m[90m 266 |[31m [36mfunction[31m slotCapacity(slot[33m:[31m [33mTeeSheetSlotView[31m)[33m:[31m number {
 [90m     |[31m          [31m[1m^[22m[31m[31m[1m^[22m[31m[31m[1m^[22m[31m[31m[1m^[22m[31m[31m[1m^[22m[31m[31m[1m^[22m[31m[31m[1m^[22m[31m[31m[1m^[22m[31m[31m[1m^[22m[31m[31m[1m^[22m[31m[31m[1m^[22m[31m[31m[1m^[22m[31m
 [90m 267 |[31m   [36mconst[31m value [33m=[31m slot[33m.[31moccupancy[33m.[31mplayer_capacity [33m?[31m[33m?[31m [35m4[31m[33m;[31m
 [90m 268 |[31m   [36mreturn[31m [33mMath[31m[33m.[31mmax([35m1[31m[33m,[31m [33mMath[31m[33m.[31mmin(value[33m,[31m [35m4[31m))[33m;[31m
 [90m 269 |[31m }[0m[39m
  Plugin: [35mvite:react-babel[39m
  File: [36mC:/Users/athom/Documents/Projects/GreenLink/frontend/src/pages/admin-golf-tee-sheet-page.tsx[39m
      at File.buildCodeFrameError (C:\Users\athom\Documents\Projects\GreenLink\frontend\node_modules\@babel\core\lib\transformation\file\file.js:189:12)
      at Scope.checkBlockScopedCollisions (C:\Users\athom\Documents\Projects\GreenLink\frontend\node_modules\@babel\traverse\lib\scope\index.js:433:27)
      at Scope.registerBinding (C:\Users\athom\Documents\Projects\GreenLink\frontend\node_modules\@babel\traverse\lib\scope\index.js:530:16)
      at Scope.registerDeclaration (C:\Users\athom\Documents\Projects\GreenLink\frontend\node_modules\@babel\traverse\lib\scope\index.js:475:12)
      at Object.BlockScoped (C:\Users\athom\Documents\Projects\GreenLink\frontend\node_modules\@babel\traverse\lib\scope\index.js:276:12)
      at Object.newFn (C:\Users\athom\Documents\Projects\GreenLink\frontend\node_modules\@babel\traverse\lib\visitors.js:203:17)
      at NodePath._call (C:\Users\athom\Documents\Projects\GreenLink\frontend\node_modules\@babel\traverse\lib\path\context.js:50:20)
      at NodePath.call (C:\Users\athom\Documents\Projects\GreenLink\frontend\node_modules\@babel\traverse\lib\path\context.js:40:18)
      at NodePath.visit (C:\Users\athom\Documents\Projects\GreenLink\frontend\node_modules\@babel\traverse\lib\path\context.js:87:31)
      at TraversalContext.visitQueue (C:\Users\athom\Documents\Projects\GreenLink\frontend\node_modules\@babel\traverse\lib\context.js:96:16)
      at TraversalContext.visitMultiple (C:\Users\athom\Documents\Projects\GreenLink\frontend\node_modules\@babel\traverse\lib\context.js:68:17)
      at TraversalContext.visit (C:\Users\athom\Documents\Projects\GreenLink\frontend\node_modules\@babel\traverse\lib\context.js:117:19)
      at traverseNode (C:\Users\athom\Documents\Projects\GreenLink\frontend\node_modules\@babel\traverse\lib\traverse-node.js:130:17)
      at traverse (C:\Users\athom\Documents\Projects\GreenLink\frontend\node_modules\@babel\traverse\lib\index.js:53:34)
      at NodePath.traverse (C:\Users\athom\Documents\Projects\GreenLink\frontend\node_modules\@babel\traverse\lib\path\index.js:120:24)
      at Scope.crawl (C:\Users\athom\Documents\Projects\GreenLink\frontend\node_modules\@babel\traverse\lib\scope\index.js:695:10)
      at Scope.init (C:\Users\athom\Documents\Projects\GreenLink\frontend\node_modules\@babel\traverse\lib\scope\index.js:661:12)
      at NodePath.setScope (C:\Users\athom\Documents\Projects\GreenLink\frontend\node_modules\@babel\traverse\lib\path\context.js:139:55)
      at NodePath.setContext (C:\Users\athom\Documents\Projects\GreenLink\frontend\node_modules\@babel\traverse\lib\path\context.js:151:12)
      at new File (C:\Users\athom\Documents\Projects\GreenLink\frontend\node_modules\@babel\core\lib\transformation\file\file.js:80:8)
      at normalizeFile (C:\Users\athom\Documents\Projects\GreenLink\frontend\node_modules\@babel\core\lib\transformation\normalize-file.js:96:10)
      at normalizeFile.next (<anonymous>)
      at run (C:\Users\athom\Documents\Projects\GreenLink\frontend\node_modules\@babel\core\lib\transformation\index.js:22:50)
      at run.next (<anonymous>)
      at transform (C:\Users\athom\Documents\Projects\GreenLink\frontend\node_modules\@babel\core\lib\transform.js:22:33)
      at transform.next (<anonymous>)
      at step (C:\Users\athom\Documents\Projects\GreenLink\frontend\node_modules\gensync\index.js:261:32)
      at C:\Users\athom\Documents\Projects\GreenLink\frontend\node_modules\gensync\index.js:273:13
      at async.call.result.err.err (C:\Users\athom\Documents\Projects\GreenLink\frontend\node_modules\gensync\index.js:223:11)
      at C:\Users\athom\Documents\Projects\GreenLink\frontend\node_modules\gensync\index.js:189:28
      at C:\Users\athom\Documents\Projects\GreenLink\frontend\node_modules\@babel\core\lib\gensync-utils\async.js:67:7
      at C:\Users\athom\Documents\Projects\GreenLink\frontend\node_modules\gensync\index.js:113:33
      at step (C:\Users\athom\Documents\Projects\GreenLink\frontend\node_modules\gensync\index.js:287:14)
      at C:\Users\athom\Documents\Projects\GreenLink\frontend\node_modules\gensync\index.js:273:13
      at async.call.result.err.err (C:\Users\athom\Documents\Projects\GreenLink\frontend\node_modules\gensync\index.js:223:11)
